<?xml version="1.0" encoding="UTF-8"?>
<testsuite xmlns:xsi="http://www.w3.org/2001/XMLSchema-instance" xsi:noNamespaceSchemaLocation="https://maven.apache.org/surefire/maven-surefire-plugin/xsd/surefire-test-report.xsd" name="org.example.CalcTest" time="0.007" tests="1" errors="0" skipped="0" failures="0">
  <properties>
    <property name="java.specification.version" value="21"/>
    <property name="sun.jnu.encoding" value="UTF-8"/>
    <property name="java.class.path" value="/home/Angel/Documents/massey_mainframe/Year-2/Semester_2/Software_Design_construction/Tutorials/Tutorial4/tutorial4/target/test-classes:/home/Angel/Documents/massey_mainframe/Year-2/Semester_2/Software_Design_construction/Tutorials/Tutorial4/tutorial4/target/classes:/home/Angel/.m2/repository/org/junit/jupiter/junit-jupiter-engine/5.4.0/junit-jupiter-engine-5.4.0.jar:/home/Angel/.m2/repository/org/apiguardian/apiguardian-api/1.0.0/apiguardian-api-1.0.0.jar:/home/Angel/.m2/repository/org/junit/platform/junit-platform-engine/1.4.0/junit-platform-engine-1.4.0.jar:/home/Angel/.m2/repository/org/opentest4j/opentest4j/1.1.1/opentest4j-1.1.1.jar:/home/Angel/.m2/repository/org/junit/platform/junit-platform-commons/1.4.0/junit-platform-commons-1.4.0.jar:/home/Angel/.m2/repository/org/junit/jupiter/junit-jupiter-api/5.4.0/junit-jupiter-api-5.4.0.jar:/home/Angel/.m2/repository/org/junit/jupiter/junit-jupiter/6.0.0-M2/junit-jupiter-6.0.0-M2.jar:/home/Angel/.m2/repository/org/junit/jupiter/junit-jupiter-params/6.0.0-M2/junit-jupiter-params-6.0.0-M2.jar:/home/Angel/.m2/repository/org/jspecify/jspecify/1.0.0/jspecify-1.0.0.jar:"/>
    <property name="java.vm.vendor" value="JetBrains s.r.o."/>
    <property name="sun.arch.data.model" value="64"/>
    <property name="java.vendor.url" value="https://openjdk.org/"/>
    <property name="os.name" value="Linux"/>
    <property name="java.vm.specification.version" value="21"/>
    <property name="sun.java.launcher" value="SUN_STANDARD"/>
    <property name="user.country" value="US"/>
    <property name="sun.boot.library.path" value="/usr/lib/jvm/java-21-jetbrains/lib"/>
    <property name="sun.java.command" value="/home/Angel/Documents/massey_mainframe/Year-2/Semester_2/Software_Design_construction/Tutorials/Tutorial4/tutorial4/target/surefire/surefirebooter8287945822547567651.jar /home/Angel/Documents/massey_mainframe/Year-2/Semester_2/Software_Design_construction/Tutorials/Tutorial4/tutorial4/target/surefire 2025-08-17T09-22-38_383-jvmRun1 surefire13321028206301817325tmp surefire_011729862746605931094tmp"/>
    <property name="jdk.debug" value="release"/>
    <property name="surefire.test.class.path" value="/home/Angel/Documents/massey_mainframe/Year-2/Semester_2/Software_Design_construction/Tutorials/Tutorial4/tutorial4/target/test-classes:/home/Angel/Documents/massey_mainframe/Year-2/Semester_2/Software_Design_construction/Tutorials/Tutorial4/tutorial4/target/classes:/home/Angel/.m2/repository/org/junit/jupiter/junit-jupiter-engine/5.4.0/junit-jupiter-engine-5.4.0.jar:/home/Angel/.m2/repository/org/apiguardian/apiguardian-api/1.0.0/apiguardian-api-1.0.0.jar:/home/Angel/.m2/repository/org/junit/platform/junit-platform-engine/1.4.0/junit-platform-engine-1.4.0.jar:/home/Angel/.m2/repository/org/opentest4j/opentest4j/1.1.1/opentest4j-1.1.1.jar:/home/Angel/.m2/repository/org/junit/platform/junit-platform-commons/1.4.0/junit-platform-commons-1.4.0.jar:/home/Angel/.m2/repository/org/junit/jupiter/junit-jupiter-api/5.4.0/junit-jupiter-api-5.4.0.jar:/home/Angel/.m2/repository/org/junit/jupiter/junit-jupiter/6.0.0-M2/junit-jupiter-6.0.0-M2.jar:/home/Angel/.m2/repository/org/junit/jupiter/junit-jupiter-params/6.0.0-M2/junit-jupiter-params-6.0.0-M2.jar:/home/Angel/.m2/repository/org/jspecify/jspecify/1.0.0/jspecify-1.0.0.jar:"/>
    <property name="sun.cpu.endian" value="little"/>
    <property name="user.home" value="/home/Angel"/>
    <property name="user.language" value="en"/>
    <property name="java.specification.vendor" value="Oracle Corporation"/>
    <property name="java.version.date" value="2025-04-15"/>
    <property name="java.home" value="/usr/lib/jvm/java-21-jetbrains"/>
    <property name="file.separator" value="/"/>
    <property name="basedir" value="/home/Angel/Documents/massey_mainframe/Year-2/Semester_2/Software_Design_construction/Tutorials/Tutorial4/tutorial4"/>
    <property name="java.vm.compressedOopsMode" value="Zero based"/>
    <property name="line.separator" value="&#10;"/>
    <property name="java.vm.specification.vendor" value="Oracle Corporation"/>
    <property name="java.specification.name" value="Java Platform API Specification"/>
    <property name="intellij.os.virtualization" value="none"/>
    <property name="jbr.virtualization.information" value="No virtualization detected"/>
    <property name="surefire.real.class.path" value="/home/Angel/Documents/massey_mainframe/Year-2/Semester_2/Software_Design_construction/Tutorials/Tutorial4/tutorial4/target/surefire/surefirebooter8287945822547567651.jar"/>
    <property name="sun.management.compiler" value="HotSpot 64-Bit Tiered Compilers"/>
    <property name="java.runtime.version" value="21.0.7+9-b509.40"/>
    <property name="user.name" value="Angel"/>
    <property name="stdout.encoding" value="UTF-8"/>
    <property name="awt.toolkit.name" value="XToolkit"/>
    <property name="path.separator" value=":"/>
    <property name="os.version" value="6.12.41-1-lts"/>
    <property name="java.runtime.name" value="OpenJDK Runtime Environment"/>
    <property name="file.encoding" value="UTF-8"/>
    <property name="java.vm.name" value="OpenJDK 64-Bit Server VM"/>
    <property name="java.vendor.version" value="JBR-21.0.7+9-509.40-jcef"/>
    <property name="localRepository" value="/home/Angel/.m2/repository"/>
    <property name="java.vendor.url.bug" value="https://bugreport.java.com/bugreport/"/>
    <property name="java.io.tmpdir" value="/tmp"/>
    <property name="java.version" value="21.0.7"/>
    <property name="user.dir" value="/home/Angel/Documents/massey_mainframe/Year-2/Semester_2/Software_Design_construction/Tutorials/Tutorial4/tutorial4"/>
    <property name="os.arch" value="amd64"/>
    <property name="java.vm.specification.name" value="Java Virtual Machine Specification"/>
    <property name="native.encoding" value="UTF-8"/>
    <property name="java.library.path" value=":/usr/java/packages/lib:/usr/lib64:/lib64:/lib:/usr/lib"/>
    <property name="java.vm.info" value="mixed mode, sharing"/>
    <property name="stderr.encoding" value="UTF-8"/>
    <property name="java.vendor" value="JetBrains s.r.o."/>
    <property name="java.vm.version" value="21.0.7+9-b509.40"/>
    <property name="sun.io.unicode.encoding" value="UnicodeLittle"/>
    <property name="java.class.version" value="65.0"/>
  </properties>
  <testcase name="testAddition" classname="org.example.CalcTest" time="0.006"/>
</testsuite>